<?xml version="1.0" encoding="UTF-8"?>
<!-- Generated by org.testng.reporters.JUnitReportReporter -->
<testsuite skipped="0" hostname="LAPTOP-9QJR7HUU" name="TestNgDemo" tests="2" failures="0" timestamp="2022-12-01T02:26:22 IST" time="0.006" errors="0">
  <testcase name="f1" time="0.002" classname="TestNgDemo"/>
  <system-out/>
  <testcase name="f" time="0.004" classname="TestNgDemo"/>
  <system-out/>
</testsuite> <!-- TestNgDemo -->
